{"level":"info","message":"Hello from Acquisitions API!","service":"acquisition-api","timestamp":"2026-02-08T08:31:50.124Z"}
{"level":"info","message":"::1 - - [08/Feb/2026:08:31:50 +0000] \"GET / HTTP/1.1\" 304 - \"-\" \"Mozilla/5.0 (Macintosh; Intel Mac OS X 10_15_7) AppleWebKit/537.36 (KHTML, like Gecko) Chrome/144.0.0.0 Safari/537.36\"","service":"acquisition-api","timestamp":"2026-02-08T08:31:50.130Z"}
{"level":"info","message":"::1 - - [08/Feb/2026:08:31:50 +0000] \"GET /favicon.ico HTTP/1.1\" 404 150 \"-\" \"Mozilla/5.0 (Macintosh; Intel Mac OS X 10_15_7) AppleWebKit/537.36 (KHTML, like Gecko) Chrome/144.0.0.0 Safari/537.36\"","service":"acquisition-api","timestamp":"2026-02-08T08:31:50.238Z"}
{"level":"info","message":"Hello from Acquisitions API!","service":"acquisition-api","timestamp":"2026-02-08T11:10:00.718Z"}
{"level":"info","message":"::1 - - [08/Feb/2026:11:10:00 +0000] \"GET / HTTP/1.1\" 304 - \"-\" \"Mozilla/5.0 (Macintosh; Intel Mac OS X 10_15_7) AppleWebKit/537.36 (KHTML, like Gecko) Chrome/144.0.0.0 Safari/537.36\"","service":"acquisition-api","timestamp":"2026-02-08T11:10:00.726Z"}
{"level":"info","message":"::1 - - [08/Feb/2026:11:10:29 +0000] \"GET /api/auth/sign-up HTTP/1.1\" 404 155 \"-\" \"Mozilla/5.0 (Macintosh; Intel Mac OS X 10_15_7) AppleWebKit/537.36 (KHTML, like Gecko) Chrome/144.0.0.0 Safari/537.36\"","service":"acquisition-api","timestamp":"2026-02-08T11:10:29.640Z"}
{"level":"info","message":"::1 - - [08/Feb/2026:11:10:42 +0000] \"GET /api/auth/sign-in HTTP/1.1\" 404 155 \"-\" \"Mozilla/5.0 (Macintosh; Intel Mac OS X 10_15_7) AppleWebKit/537.36 (KHTML, like Gecko) Chrome/144.0.0.0 Safari/537.36\"","service":"acquisition-api","timestamp":"2026-02-08T11:10:42.654Z"}
{"level":"info","message":"::1 - - [08/Feb/2026:11:11:03 +0000] \"GET /api HTTP/1.1\" 200 15 \"-\" \"Mozilla/5.0 (Macintosh; Intel Mac OS X 10_15_7) AppleWebKit/537.36 (KHTML, like Gecko) Chrome/144.0.0.0 Safari/537.36\"","service":"acquisition-api","timestamp":"2026-02-08T11:11:03.439Z"}
{"level":"info","message":"::1 - - [08/Feb/2026:11:11:12 +0000] \"GET /health HTTP/1.1\" 200 76 \"-\" \"Mozilla/5.0 (Macintosh; Intel Mac OS X 10_15_7) AppleWebKit/537.36 (KHTML, like Gecko) Chrome/144.0.0.0 Safari/537.36\"","service":"acquisition-api","timestamp":"2026-02-08T11:11:12.232Z"}
{"level":"info","message":"::1 - - [08/Feb/2026:11:11:16 +0000] \"GET /health HTTP/1.1\" 200 74 \"-\" \"Mozilla/5.0 (Macintosh; Intel Mac OS X 10_15_7) AppleWebKit/537.36 (KHTML, like Gecko) Chrome/144.0.0.0 Safari/537.36\"","service":"acquisition-api","timestamp":"2026-02-08T11:11:16.684Z"}
{"level":"info","message":"::1 - - [08/Feb/2026:11:11:17 +0000] \"GET /health HTTP/1.1\" 200 74 \"-\" \"Mozilla/5.0 (Macintosh; Intel Mac OS X 10_15_7) AppleWebKit/537.36 (KHTML, like Gecko) Chrome/144.0.0.0 Safari/537.36\"","service":"acquisition-api","timestamp":"2026-02-08T11:11:17.285Z"}
{"level":"info","message":"::1 - - [08/Feb/2026:11:11:17 +0000] \"GET /health HTTP/1.1\" 200 75 \"-\" \"Mozilla/5.0 (Macintosh; Intel Mac OS X 10_15_7) AppleWebKit/537.36 (KHTML, like Gecko) Chrome/144.0.0.0 Safari/537.36\"","service":"acquisition-api","timestamp":"2026-02-08T11:11:17.662Z"}
{"level":"info","message":"::1 - - [08/Feb/2026:11:11:18 +0000] \"GET /health HTTP/1.1\" 200 76 \"-\" \"Mozilla/5.0 (Macintosh; Intel Mac OS X 10_15_7) AppleWebKit/537.36 (KHTML, like Gecko) Chrome/144.0.0.0 Safari/537.36\"","service":"acquisition-api","timestamp":"2026-02-08T11:11:18.102Z"}
{"level":"info","message":"::1 - - [08/Feb/2026:11:11:18 +0000] \"GET /health HTTP/1.1\" 200 76 \"-\" \"Mozilla/5.0 (Macintosh; Intel Mac OS X 10_15_7) AppleWebKit/537.36 (KHTML, like Gecko) Chrome/144.0.0.0 Safari/537.36\"","service":"acquisition-api","timestamp":"2026-02-08T11:11:18.602Z"}
{"level":"info","message":"Hello from Acquisitions API!","service":"acquisition-api","timestamp":"2026-02-08T11:18:23.651Z"}
{"level":"info","message":"::1 - - [08/Feb/2026:11:18:23 +0000] \"GET / HTTP/1.1\" 200 24 \"-\" \"PostmanRuntime/7.51.0\"","service":"acquisition-api","timestamp":"2026-02-08T11:18:23.652Z"}
{"level":"info","message":"::1 - - [08/Feb/2026:11:21:27 +0000] \"GET /api HTTP/1.1\" 200 15 \"-\" \"PostmanRuntime/7.51.0\"","service":"acquisition-api","timestamp":"2026-02-08T11:21:27.087Z"}
{"level":"info","message":"Hello from Acquisitions API!","service":"acquisition-api","timestamp":"2026-02-08T11:22:20.681Z"}
{"level":"info","message":"::1 - - [08/Feb/2026:11:22:20 +0000] \"GET / HTTP/1.1\" 200 24 \"-\" \"PostmanRuntime/7.51.0\"","service":"acquisition-api","timestamp":"2026-02-08T11:22:20.682Z"}
{"level":"info","message":"::1 - - [08/Feb/2026:11:22:44 +0000] \"GET /health HTTP/1.1\" 200 74 \"-\" \"PostmanRuntime/7.51.0\"","service":"acquisition-api","timestamp":"2026-02-08T11:22:44.300Z"}
{"level":"info","message":"::1 - - [08/Feb/2026:11:23:20 +0000] \"GET /api HTTP/1.1\" 200 15 \"-\" \"PostmanRuntime/7.51.0\"","service":"acquisition-api","timestamp":"2026-02-08T11:23:20.656Z"}
{"level":"info","message":"::1 - - [08/Feb/2026:11:24:01 +0000] \"GET /api/auth/sign-in HTTP/1.1\" 404 155 \"-\" \"PostmanRuntime/7.51.0\"","service":"acquisition-api","timestamp":"2026-02-08T11:24:01.582Z"}
{"level":"info","message":"::1 - - [08/Feb/2026:11:24:08 +0000] \"POST /api/auth/sign-in HTTP/1.1\" 200 31 \"-\" \"PostmanRuntime/7.51.0\"","service":"acquisition-api","timestamp":"2026-02-08T11:24:08.381Z"}
{"level":"info","message":"::1 - - [08/Feb/2026:13:45:50 +0000] \"GET /health HTTP/1.1\" 200 78 \"-\" \"PostmanRuntime/7.51.1\"","service":"acquisition-api","timestamp":"2026-02-08T13:45:50.777Z"}
{"level":"info","message":"::1 - - [08/Feb/2026:13:45:55 +0000] \"GET /health HTTP/1.1\" 200 78 \"-\" \"PostmanRuntime/7.51.1\"","service":"acquisition-api","timestamp":"2026-02-08T13:45:55.365Z"}
{"level":"info","message":"::1 - - [08/Feb/2026:13:52:57 +0000] \"POST /api/auth/sign-up HTTP/1.1\" 200 31 \"-\" \"PostmanRuntime/7.51.1\"","service":"acquisition-api","timestamp":"2026-02-08T13:52:57.999Z"}
{"level":"info","message":"::1 - - [08/Feb/2026:13:55:54 +0000] \"POST /api/auth/sign-up HTTP/1.1\" 400 92 \"-\" \"PostmanRuntime/7.51.1\"","service":"acquisition-api","timestamp":"2026-02-08T13:55:54.067Z"}
{"level":"info","message":"::1 - - [08/Feb/2026:13:55:59 +0000] \"POST /api/auth/sign-up HTTP/1.1\" 400 92 \"-\" \"PostmanRuntime/7.51.1\"","service":"acquisition-api","timestamp":"2026-02-08T13:55:59.268Z"}
{"level":"info","message":"::1 - - [08/Feb/2026:13:56:00 +0000] \"POST /api/auth/sign-up HTTP/1.1\" 400 92 \"-\" \"PostmanRuntime/7.51.1\"","service":"acquisition-api","timestamp":"2026-02-08T13:56:00.112Z"}
{"level":"info","message":"::1 - - [08/Feb/2026:13:57:34 +0000] \"POST /api/auth/sign-up HTTP/1.1\" 400 92 \"-\" \"PostmanRuntime/7.51.1\"","service":"acquisition-api","timestamp":"2026-02-08T13:57:34.575Z"}
{"level":"info","message":"::1 - - [08/Feb/2026:13:58:02 +0000] \"POST /api/auth/sign-up HTTP/1.1\" 400 144 \"-\" \"PostmanRuntime/7.51.1\"","service":"acquisition-api","timestamp":"2026-02-08T13:58:02.940Z"}
{"level":"info","message":"::1 - - [08/Feb/2026:13:58:45 +0000] \"POST /api/auth/sign-up HTTP/1.1\" 400 89 \"-\" \"PostmanRuntime/7.51.1\"","service":"acquisition-api","timestamp":"2026-02-08T13:58:45.564Z"}
{"level":"info","message":"User registered successfully: test@gmail.com","service":"acquisition-api","timestamp":"2026-02-08T13:59:40.212Z"}
{"level":"info","message":"::1 - - [08/Feb/2026:13:59:40 +0000] \"POST /api/auth/sign-up HTTP/1.1\" 201 101 \"-\" \"PostmanRuntime/7.51.1\"","service":"acquisition-api","timestamp":"2026-02-08T13:59:40.213Z"}
{"level":"info","message":"User registered successfully: test@gmail.com","service":"acquisition-api","timestamp":"2026-02-08T14:29:46.237Z"}
{"level":"info","message":"::1 - - [08/Feb/2026:14:29:46 +0000] \"POST /api/auth/sign-up HTTP/1.1\" 201 101 \"-\" \"PostmanRuntime/7.51.1\"","service":"acquisition-api","timestamp":"2026-02-08T14:29:46.238Z"}
{"level":"info","message":"User registered successfully: test@gmail.com","service":"acquisition-api","timestamp":"2026-02-09T04:51:37.434Z"}
{"level":"info","message":"::1 - - [09/Feb/2026:04:51:37 +0000] \"POST /api/auth/sign-up HTTP/1.1\" 201 101 \"-\" \"PostmanRuntime/7.51.1\"","service":"acquisition-api","timestamp":"2026-02-09T04:51:37.439Z"}
{"level":"error","message":"Error creating user: TypeError: Cannot convert undefined or null to object","service":"acquisition-api","timestamp":"2026-02-09T05:33:41.908Z"}
{"level":"error","message":"Signup error Error creating user","service":"acquisition-api","stack":"Error: Error creating user\n    at createUser (file:///Users/swapnil.bhattacharya@clearroute.io/Documents/docker_practice/test_6/src/services/auth.service.js:41:15)\n    at async signup (file:///Users/swapnil.bhattacharya@clearroute.io/Documents/docker_practice/test_6/src/controllers/auth.controller.js:21:22)","timestamp":"2026-02-09T05:33:41.912Z"}
{"level":"info","message":"::1 - - [09/Feb/2026:05:33:41 +0000] \"POST /api/auth/sign-up HTTP/1.1\" 500 461 \"-\" \"PostmanRuntime/7.51.1\"","service":"acquisition-api","timestamp":"2026-02-09T05:33:41.913Z"}
{"level":"error","message":"Error creating user: TypeError: Cannot convert undefined or null to object","service":"acquisition-api","timestamp":"2026-02-09T05:35:27.870Z"}
{"level":"error","message":"Signup error Error creating user","service":"acquisition-api","stack":"Error: Error creating user\n    at createUser (file:///Users/swapnil.bhattacharya@clearroute.io/Documents/docker_practice/test_6/src/services/auth.service.js:41:15)\n    at async signup (file:///Users/swapnil.bhattacharya@clearroute.io/Documents/docker_practice/test_6/src/controllers/auth.controller.js:21:22)","timestamp":"2026-02-09T05:35:27.870Z"}
{"level":"info","message":"::1 - - [09/Feb/2026:05:35:27 +0000] \"POST /api/auth/sign-up HTTP/1.1\" 500 461 \"-\" \"PostmanRuntime/7.51.1\"","service":"acquisition-api","timestamp":"2026-02-09T05:35:27.871Z"}
{"level":"error","message":"Error creating user: TypeError: Cannot convert undefined or null to object","service":"acquisition-api","timestamp":"2026-02-09T05:37:58.953Z"}
{"level":"error","message":"Signup error Error creating user","service":"acquisition-api","stack":"Error: Error creating user\n    at createUser (file:///Users/swapnil.bhattacharya@clearroute.io/Documents/docker_practice/test_6/src/services/auth.service.js:41:15)\n    at async signup (file:///Users/swapnil.bhattacharya@clearroute.io/Documents/docker_practice/test_6/src/controllers/auth.controller.js:21:22)","timestamp":"2026-02-09T05:37:58.953Z"}
{"level":"info","message":"::1 - - [09/Feb/2026:05:37:58 +0000] \"POST /api/auth/sign-up HTTP/1.1\" 500 461 \"-\" \"PostmanRuntime/7.51.1\"","service":"acquisition-api","timestamp":"2026-02-09T05:37:58.954Z"}
{"level":"error","message":"Error creating user: TypeError: Cannot convert undefined or null to object","service":"acquisition-api","timestamp":"2026-02-09T05:41:43.274Z"}
{"level":"error","message":"Signup error Error creating user","service":"acquisition-api","stack":"Error: Error creating user\n    at createUser (file:///Users/swapnil.bhattacharya@clearroute.io/Documents/docker_practice/test_6/src/services/auth.service.js:41:15)\n    at async signup (file:///Users/swapnil.bhattacharya@clearroute.io/Documents/docker_practice/test_6/src/controllers/auth.controller.js:21:22)","timestamp":"2026-02-09T05:41:43.276Z"}
{"level":"info","message":"::1 - - [09/Feb/2026:05:41:43 +0000] \"POST /api/auth/sign-up HTTP/1.1\" 500 461 \"-\" \"PostmanRuntime/7.51.1\"","service":"acquisition-api","timestamp":"2026-02-09T05:41:43.277Z"}
{"level":"info","message":"::1 - - [09/Feb/2026:05:43:12 +0000] \"GET /health HTTP/1.1\" 200 75 \"-\" \"PostmanRuntime/7.51.1\"","service":"acquisition-api","timestamp":"2026-02-09T05:43:12.229Z"}
{"level":"info","message":"::1 - - [09/Feb/2026:05:43:15 +0000] \"GET /api HTTP/1.1\" 200 15 \"-\" \"PostmanRuntime/7.51.1\"","service":"acquisition-api","timestamp":"2026-02-09T05:43:15.495Z"}
{"level":"info","message":"::1 - - [09/Feb/2026:05:43:18 +0000] \"POST /api/auth/sign-in HTTP/1.1\" 200 31 \"-\" \"PostmanRuntime/7.51.1\"","service":"acquisition-api","timestamp":"2026-02-09T05:43:18.663Z"}
{"level":"info","message":"::1 - - [09/Feb/2026:05:46:23 +0000] \"POST /api/auth/sign-up HTTP/1.1\" 400 92 \"-\" \"PostmanRuntime/7.51.1\"","service":"acquisition-api","timestamp":"2026-02-09T05:46:23.983Z"}
{"level":"info","message":"::1 - - [09/Feb/2026:05:47:26 +0000] \"POST /api/auth/sign-up HTTP/1.1\" 400 92 \"-\" \"PostmanRuntime/7.51.1\"","service":"acquisition-api","timestamp":"2026-02-09T05:47:26.290Z"}
{"level":"error","message":"Error creating user: TypeError: Cannot convert undefined or null to object","service":"acquisition-api","timestamp":"2026-02-09T05:47:36.810Z"}
{"level":"error","message":"Signup error Error creating user","service":"acquisition-api","stack":"Error: Error creating user\n    at createUser (file:///Users/swapnil.bhattacharya@clearroute.io/Documents/docker_practice/test_6/src/services/auth.service.js:41:15)\n    at async signup (file:///Users/swapnil.bhattacharya@clearroute.io/Documents/docker_practice/test_6/src/controllers/auth.controller.js:21:22)","timestamp":"2026-02-09T05:47:36.810Z"}
{"level":"info","message":"::1 - - [09/Feb/2026:05:47:36 +0000] \"POST /api/auth/sign-up HTTP/1.1\" 500 461 \"-\" \"PostmanRuntime/7.51.1\"","service":"acquisition-api","timestamp":"2026-02-09T05:47:36.810Z"}
{"level":"error","message":"Error creating user: TypeError: Cannot convert undefined or null to object","service":"acquisition-api","timestamp":"2026-02-09T05:51:11.926Z"}
{"level":"error","message":"Signup error Error creating user","service":"acquisition-api","stack":"Error: Error creating user\n    at createUser (file:///Users/swapnil.bhattacharya@clearroute.io/Documents/docker_practice/test_6/src/services/auth.service.js:41:15)\n    at async signup (file:///Users/swapnil.bhattacharya@clearroute.io/Documents/docker_practice/test_6/src/controllers/auth.controller.js:21:22)","timestamp":"2026-02-09T05:51:11.928Z"}
{"level":"info","message":"::1 - - [09/Feb/2026:05:51:11 +0000] \"POST /api/auth/sign-up HTTP/1.1\" 500 461 \"-\" \"PostmanRuntime/7.51.1\"","service":"acquisition-api","timestamp":"2026-02-09T05:51:11.930Z"}
{"level":"error","message":"Error creating user: TypeError: Cannot convert undefined or null to object","service":"acquisition-api","timestamp":"2026-02-09T05:51:24.432Z"}
{"level":"error","message":"Signup error Error creating user","service":"acquisition-api","stack":"Error: Error creating user\n    at createUser (file:///Users/swapnil.bhattacharya@clearroute.io/Documents/docker_practice/test_6/src/services/auth.service.js:41:15)\n    at async signup (file:///Users/swapnil.bhattacharya@clearroute.io/Documents/docker_practice/test_6/src/controllers/auth.controller.js:21:22)","timestamp":"2026-02-09T05:51:24.434Z"}
{"level":"info","message":"::1 - - [09/Feb/2026:05:51:24 +0000] \"POST /api/auth/sign-up HTTP/1.1\" 500 461 \"-\" \"PostmanRuntime/7.51.1\"","service":"acquisition-api","timestamp":"2026-02-09T05:51:24.435Z"}
{"level":"error","message":"Signup error signupSchema is not defined","service":"acquisition-api","stack":"ReferenceError: signupSchema is not defined\n    at signup (file:///Users/swapnil.bhattacharya@clearroute.io/Documents/docker_practice/test_6/src/controllers/auth.controller.js:10:34)\n    at Layer.handleRequest (/Users/swapnil.bhattacharya@clearroute.io/Documents/docker_practice/test_6/node_modules/router/lib/layer.js:152:17)\n    at next (/Users/swapnil.bhattacharya@clearroute.io/Documents/docker_practice/test_6/node_modules/router/lib/route.js:157:13)\n    at Route.dispatch (/Users/swapnil.bhattacharya@clearroute.io/Documents/docker_practice/test_6/node_modules/router/lib/route.js:117:3)\n    at handle (/Users/swapnil.bhattacharya@clearroute.io/Documents/docker_practice/test_6/node_modules/router/index.js:435:11)\n    at Layer.handleRequest (/Users/swapnil.bhattacharya@clearroute.io/Documents/docker_practice/test_6/node_modules/router/lib/layer.js:152:17)\n    at /Users/swapnil.bhattacharya@clearroute.io/Documents/docker_practice/test_6/node_modules/router/index.js:295:15\n    at processParams (/Users/swapnil.bhattacharya@clearroute.io/Documents/docker_practice/test_6/node_modules/router/index.js:582:12)\n    at next (/Users/swapnil.bhattacharya@clearroute.io/Documents/docker_practice/test_6/node_modules/router/index.js:291:5)\n    at router.handle (/Users/swapnil.bhattacharya@clearroute.io/Documents/docker_practice/test_6/node_modules/router/index.js:186:3)","timestamp":"2026-02-09T05:52:40.769Z"}
{"level":"info","message":"::1 - - [09/Feb/2026:05:52:40 +0000] \"POST /api/auth/sign-up HTTP/1.1\" 500 1630 \"-\" \"PostmanRuntime/7.51.1\"","service":"acquisition-api","timestamp":"2026-02-09T05:52:40.773Z"}
{"level":"error","message":"Error creating user: TypeError: Cannot convert undefined or null to object","service":"acquisition-api","timestamp":"2026-02-09T05:53:00.693Z"}
{"level":"error","message":"Signup error Error creating user","service":"acquisition-api","stack":"Error: Error creating user\n    at createUser (file:///Users/swapnil.bhattacharya@clearroute.io/Documents/docker_practice/test_6/src/services/auth.service.js:41:15)\n    at async signup (file:///Users/swapnil.bhattacharya@clearroute.io/Documents/docker_practice/test_6/src/controllers/auth.controller.js:21:22)","timestamp":"2026-02-09T05:53:00.695Z"}
{"level":"info","message":"::1 - - [09/Feb/2026:05:53:00 +0000] \"POST /api/auth/sign-up HTTP/1.1\" 500 461 \"-\" \"PostmanRuntime/7.51.1\"","service":"acquisition-api","timestamp":"2026-02-09T05:53:00.696Z"}
{"level":"error","message":"Error creating user: TypeError: Cannot convert undefined or null to object","service":"acquisition-api","timestamp":"2026-02-09T05:54:21.139Z"}
{"level":"error","message":"Signup error Error creating user","service":"acquisition-api","stack":"Error: Error creating user\n    at createUser (file:///Users/swapnil.bhattacharya@clearroute.io/Documents/docker_practice/test_6/src/services/auth.service.js:41:15)\n    at async signup (file:///Users/swapnil.bhattacharya@clearroute.io/Documents/docker_practice/test_6/src/controllers/auth.controller.js:21:22)","timestamp":"2026-02-09T05:54:21.142Z"}
{"level":"info","message":"::1 - - [09/Feb/2026:05:54:21 +0000] \"POST /api/auth/sign-up HTTP/1.1\" 500 461 \"-\" \"PostmanRuntime/7.51.1\"","service":"acquisition-api","timestamp":"2026-02-09T05:54:21.143Z"}
{"level":"error","message":"Error creating the user: TypeError: Cannot convert undefined or null to object","service":"acquisition-api","timestamp":"2026-02-09T05:55:10.654Z"}
{"level":"error","message":"Signup error Cannot convert undefined or null to object","service":"acquisition-api","stack":"TypeError: Cannot convert undefined or null to object\n    at Object.entries (<anonymous>)\n    at orderSelectedFields (file:///Users/swapnil.bhattacharya@clearroute.io/Documents/docker_practice/test_6/node_modules/drizzle-orm/utils.js:55:17)\n    at file:///Users/swapnil.bhattacharya@clearroute.io/Documents/docker_practice/test_6/node_modules/drizzle-orm/utils.js:65:22\n    at Array.reduce (<anonymous>)\n    at orderSelectedFields (file:///Users/swapnil.bhattacharya@clearroute.io/Documents/docker_practice/test_6/node_modules/drizzle-orm/utils.js:55:33)\n    at QueryPromise.returning (file:///Users/swapnil.bhattacharya@clearroute.io/Documents/docker_practice/test_6/node_modules/drizzle-orm/pg-core/query-builders/insert.js:75:29)\n    at createUser (file:///Users/swapnil.bhattacharya@clearroute.io/Documents/docker_practice/test_6/src/services/auth.service.js:32:14)\n    at async signup (file:///Users/swapnil.bhattacharya@clearroute.io/Documents/docker_practice/test_6/src/controllers/auth.controller.js:21:22)","timestamp":"2026-02-09T05:55:10.657Z"}
{"level":"info","message":"::1 - - [09/Feb/2026:05:55:10 +0000] \"POST /api/auth/sign-up HTTP/1.1\" 500 1257 \"-\" \"PostmanRuntime/7.51.1\"","service":"acquisition-api","timestamp":"2026-02-09T05:55:10.659Z"}
{"level":"info","message":"User test@gmail.com created successfully","service":"acquisition-api","timestamp":"2026-02-09T06:00:46.638Z"}
{"level":"info","message":"User registered successfully: test@gmail.com","service":"acquisition-api","timestamp":"2026-02-09T06:00:46.645Z"}
{"level":"info","message":"::1 - - [09/Feb/2026:06:00:46 +0000] \"POST /api/auth/sign-up HTTP/1.1\" 201 102 \"-\" \"PostmanRuntime/7.51.1\"","service":"acquisition-api","timestamp":"2026-02-09T06:00:46.649Z"}
{"level":"error","message":"Error creating the user: Error: User with this email already exists","service":"acquisition-api","timestamp":"2026-02-09T06:01:43.463Z"}
{"level":"error","message":"Signup error User with this email already exists","service":"acquisition-api","stack":"Error: User with this email already exists\n    at createUser (file:///Users/swapnil.bhattacharya@clearroute.io/Documents/docker_practice/test_6/src/services/auth.service.js:25:19)\n    at process.processTicksAndRejections (node:internal/process/task_queues:103:5)\n    at async signup (file:///Users/swapnil.bhattacharya@clearroute.io/Documents/docker_practice/test_6/src/controllers/auth.controller.js:21:22)","timestamp":"2026-02-09T06:01:43.464Z"}
{"level":"info","message":"::1 - - [09/Feb/2026:06:01:43 +0000] \"POST /api/auth/sign-up HTTP/1.1\" 409 31 \"-\" \"PostmanRuntime/7.51.1\"","service":"acquisition-api","timestamp":"2026-02-09T06:01:43.465Z"}
{"level":"error","message":"Error creating the user: TypeError: Cannot convert undefined or null to object","service":"acquisition-api","timestamp":"2026-02-09T06:02:40.494Z"}
{"level":"error","message":"Signup error Cannot convert undefined or null to object","service":"acquisition-api","stack":"TypeError: Cannot convert undefined or null to object\n    at Object.entries (<anonymous>)\n    at orderSelectedFields (file:///Users/swapnil.bhattacharya@clearroute.io/Documents/docker_practice/test_6/node_modules/drizzle-orm/utils.js:55:17)\n    at file:///Users/swapnil.bhattacharya@clearroute.io/Documents/docker_practice/test_6/node_modules/drizzle-orm/utils.js:65:22\n    at Array.reduce (<anonymous>)\n    at orderSelectedFields (file:///Users/swapnil.bhattacharya@clearroute.io/Documents/docker_practice/test_6/node_modules/drizzle-orm/utils.js:55:33)\n    at QueryPromise.returning (file:///Users/swapnil.bhattacharya@clearroute.io/Documents/docker_practice/test_6/node_modules/drizzle-orm/pg-core/query-builders/insert.js:75:29)\n    at createUser (file:///Users/swapnil.bhattacharya@clearroute.io/Documents/docker_practice/test_6/src/services/auth.service.js:32:14)\n    at async signup (file:///Users/swapnil.bhattacharya@clearroute.io/Documents/docker_practice/test_6/src/controllers/auth.controller.js:21:22)","timestamp":"2026-02-09T06:02:40.497Z"}
{"level":"info","message":"::1 - - [09/Feb/2026:06:02:40 +0000] \"POST /api/auth/sign-up HTTP/1.1\" 500 1257 \"-\" \"PostmanRuntime/7.51.1\"","service":"acquisition-api","timestamp":"2026-02-09T06:02:40.498Z"}
{"level":"info","message":"User test12@gmail.com created successfully","service":"acquisition-api","timestamp":"2026-02-09T06:03:00.953Z"}
{"level":"info","message":"User registered successfully: test12@gmail.com","service":"acquisition-api","timestamp":"2026-02-09T06:03:00.961Z"}
{"level":"info","message":"::1 - - [09/Feb/2026:06:03:00 +0000] \"POST /api/auth/sign-up HTTP/1.1\" 201 104 \"-\" \"PostmanRuntime/7.51.1\"","service":"acquisition-api","timestamp":"2026-02-09T06:03:00.968Z"}
{"level":"info","message":"User test13@gmail.com created successfully","service":"acquisition-api","timestamp":"2026-02-09T06:14:55.851Z"}
{"level":"info","message":"User registered successfully: test13@gmail.com","service":"acquisition-api","timestamp":"2026-02-09T06:14:55.857Z"}
{"level":"info","message":"::1 - - [09/Feb/2026:06:14:55 +0000] \"POST /api/auth/sign-up HTTP/1.1\" 201 103 \"-\" \"PostmanRuntime/7.51.1\"","service":"acquisition-api","timestamp":"2026-02-09T06:14:55.862Z"}
{"level":"info","message":"User test14@gmail.com created successfully","service":"acquisition-api","timestamp":"2026-02-09T06:35:22.063Z"}
{"level":"info","message":"User registered successfully: test14@gmail.com","service":"acquisition-api","timestamp":"2026-02-09T06:35:22.071Z"}
{"level":"info","message":"::1 - - [09/Feb/2026:06:35:22 +0000] \"POST /api/auth/sign-up HTTP/1.1\" 201 100 \"-\" \"PostmanRuntime/7.51.1\"","service":"acquisition-api","timestamp":"2026-02-09T06:35:22.075Z"}
{"level":"error","message":"Error creating the user: Error: User with this email already exists","service":"acquisition-api","timestamp":"2026-02-09T06:36:19.550Z"}
{"level":"error","message":"Signup error User with this email already exists","service":"acquisition-api","stack":"Error: User with this email already exists\n    at createUser (file:///Users/swapnil.bhattacharya@clearroute.io/Documents/docker_practice/test_6/src/services/auth.service.js:34:19)\n    at process.processTicksAndRejections (node:internal/process/task_queues:103:5)\n    at async signup (file:///Users/swapnil.bhattacharya@clearroute.io/Documents/docker_practice/test_6/src/controllers/auth.controller.js:21:22)","timestamp":"2026-02-09T06:36:19.555Z"}
{"level":"info","message":"::1 - - [09/Feb/2026:06:36:19 +0000] \"POST /api/auth/sign-up HTTP/1.1\" 409 31 \"-\" \"PostmanRuntime/7.51.1\"","service":"acquisition-api","timestamp":"2026-02-09T06:36:19.559Z"}
{"level":"info","message":"User test145@gmail.com created successfully","service":"acquisition-api","timestamp":"2026-02-09T06:36:27.976Z"}
{"level":"info","message":"User registered successfully: test145@gmail.com","service":"acquisition-api","timestamp":"2026-02-09T06:36:27.979Z"}
{"level":"info","message":"::1 - - [09/Feb/2026:06:36:27 +0000] \"POST /api/auth/sign-up HTTP/1.1\" 201 102 \"-\" \"PostmanRuntime/7.51.1\"","service":"acquisition-api","timestamp":"2026-02-09T06:36:27.980Z"}
{"level":"warn","message":"Authentication failed for email: swapnilb050203@gmail.com - user not found","service":"acquisition-api","timestamp":"2026-02-09T06:44:54.314Z"}
{"level":"error","message":"Error authenticating the user: Error: User not found","service":"acquisition-api","timestamp":"2026-02-09T06:44:54.318Z"}
{"level":"error","message":"Sign-in error User not found","service":"acquisition-api","stack":"Error: User not found\n    at authenticateUser (file:///Users/swapnil.bhattacharya@clearroute.io/Documents/docker_practice/test_6/src/services/auth.service.js:63:19)\n    at process.processTicksAndRejections (node:internal/process/task_queues:103:5)\n    at async signIn (file:///Users/swapnil.bhattacharya@clearroute.io/Documents/docker_practice/test_6/src/controllers/auth.controller.js:64:22)","timestamp":"2026-02-09T06:44:54.319Z"}
{"level":"info","message":"::1 - - [09/Feb/2026:06:44:54 +0000] \"POST /api/auth/sign-in HTTP/1.1\" 401 31 \"-\" \"PostmanRuntime/7.51.1\"","service":"acquisition-api","timestamp":"2026-02-09T06:44:54.322Z"}
{"level":"warn","message":"Authentication failed for email: test@gmail.com - incorrect password","service":"acquisition-api","timestamp":"2026-02-09T06:45:09.164Z"}
{"level":"error","message":"Error authenticating the user: Error: Incorrect password","service":"acquisition-api","timestamp":"2026-02-09T06:45:09.164Z"}
{"level":"error","message":"Sign-in error Incorrect password","service":"acquisition-api","stack":"Error: Incorrect password\n    at authenticateUser (file:///Users/swapnil.bhattacharya@clearroute.io/Documents/docker_practice/test_6/src/services/auth.service.js:70:19)\n    at async signIn (file:///Users/swapnil.bhattacharya@clearroute.io/Documents/docker_practice/test_6/src/controllers/auth.controller.js:64:22)","timestamp":"2026-02-09T06:45:09.164Z"}
{"level":"info","message":"::1 - - [09/Feb/2026:06:45:09 +0000] \"POST /api/auth/sign-in HTTP/1.1\" 500 466 \"-\" \"PostmanRuntime/7.51.1\"","service":"acquisition-api","timestamp":"2026-02-09T06:45:09.165Z"}
{"level":"info","message":"User authenticated successfully: test@gmail.com","service":"acquisition-api","timestamp":"2026-02-09T06:46:59.102Z"}
{"level":"info","message":"User signed in successfully: test@gmail.com","service":"acquisition-api","timestamp":"2026-02-09T06:46:59.105Z"}
{"level":"info","message":"::1 - - [09/Feb/2026:06:46:59 +0000] \"POST /api/auth/sign-in HTTP/1.1\" 200 101 \"-\" \"PostmanRuntime/7.51.1\"","service":"acquisition-api","timestamp":"2026-02-09T06:46:59.105Z"}
{"level":"info","message":"User authenticated successfully: test@gmail.com","service":"acquisition-api","timestamp":"2026-02-09T08:35:21.201Z"}
{"level":"info","message":"User signed in successfully: test@gmail.com","service":"acquisition-api","timestamp":"2026-02-09T08:35:21.204Z"}
{"level":"info","message":"::1 - - [09/Feb/2026:08:35:21 +0000] \"POST /api/auth/sign-in HTTP/1.1\" 200 101 \"-\" \"PostmanRuntime/7.51.1\"","service":"acquisition-api","timestamp":"2026-02-09T08:35:21.205Z"}
{"level":"info","message":"User authenticated successfully: test@gmail.com","service":"acquisition-api","timestamp":"2026-02-09T08:35:22.678Z"}
{"level":"info","message":"User signed in successfully: test@gmail.com","service":"acquisition-api","timestamp":"2026-02-09T08:35:22.678Z"}
{"level":"info","message":"::1 - - [09/Feb/2026:08:35:22 +0000] \"POST /api/auth/sign-in HTTP/1.1\" 200 101 \"-\" \"PostmanRuntime/7.51.1\"","service":"acquisition-api","timestamp":"2026-02-09T08:35:22.679Z"}
{"level":"info","message":"User authenticated successfully: test@gmail.com","service":"acquisition-api","timestamp":"2026-02-09T08:35:23.864Z"}
{"level":"info","message":"User signed in successfully: test@gmail.com","service":"acquisition-api","timestamp":"2026-02-09T08:35:23.864Z"}
{"level":"info","message":"::1 - - [09/Feb/2026:08:35:23 +0000] \"POST /api/auth/sign-in HTTP/1.1\" 200 101 \"-\" \"PostmanRuntime/7.51.1\"","service":"acquisition-api","timestamp":"2026-02-09T08:35:23.865Z"}
{"level":"info","message":"User signed out successfully","service":"acquisition-api","timestamp":"2026-02-09T08:35:46.802Z"}
{"level":"info","message":"::1 - - [09/Feb/2026:08:35:46 +0000] \"POST /api/auth/sign-out HTTP/1.1\" 200 29 \"-\" \"PostmanRuntime/7.51.1\"","service":"acquisition-api","timestamp":"2026-02-09T08:35:46.802Z"}
{"level":"info","message":"User signed out successfully","service":"acquisition-api","timestamp":"2026-02-09T08:35:48.996Z"}
{"level":"info","message":"::1 - - [09/Feb/2026:08:35:48 +0000] \"POST /api/auth/sign-out HTTP/1.1\" 200 29 \"-\" \"PostmanRuntime/7.51.1\"","service":"acquisition-api","timestamp":"2026-02-09T08:35:48.997Z"}
{"level":"info","message":"User signed out successfully","service":"acquisition-api","timestamp":"2026-02-09T08:35:49.666Z"}
{"level":"info","message":"::1 - - [09/Feb/2026:08:35:49 +0000] \"POST /api/auth/sign-out HTTP/1.1\" 200 29 \"-\" \"PostmanRuntime/7.51.1\"","service":"acquisition-api","timestamp":"2026-02-09T08:35:49.667Z"}
{"level":"info","message":"User signed out successfully","service":"acquisition-api","timestamp":"2026-02-09T08:35:50.234Z"}
{"level":"info","message":"::1 - - [09/Feb/2026:08:35:50 +0000] \"POST /api/auth/sign-out HTTP/1.1\" 200 29 \"-\" \"PostmanRuntime/7.51.1\"","service":"acquisition-api","timestamp":"2026-02-09T08:35:50.235Z"}
{"level":"info","message":"User signed out successfully","service":"acquisition-api","timestamp":"2026-02-09T08:35:50.759Z"}
{"level":"info","message":"::1 - - [09/Feb/2026:08:35:50 +0000] \"POST /api/auth/sign-out HTTP/1.1\" 200 29 \"-\" \"PostmanRuntime/7.51.1\"","service":"acquisition-api","timestamp":"2026-02-09T08:35:50.759Z"}
{"level":"info","message":"User signed out successfully","service":"acquisition-api","timestamp":"2026-02-09T08:35:51.181Z"}
{"level":"info","message":"::1 - - [09/Feb/2026:08:35:51 +0000] \"POST /api/auth/sign-out HTTP/1.1\" 200 29 \"-\" \"PostmanRuntime/7.51.1\"","service":"acquisition-api","timestamp":"2026-02-09T08:35:51.182Z"}
{"level":"info","message":"User signed out successfully","service":"acquisition-api","timestamp":"2026-02-09T08:35:52.220Z"}
{"level":"info","message":"::1 - - [09/Feb/2026:08:35:52 +0000] \"POST /api/auth/sign-out HTTP/1.1\" 200 29 \"-\" \"PostmanRuntime/7.51.1\"","service":"acquisition-api","timestamp":"2026-02-09T08:35:52.221Z"}
{"level":"info","message":"User signed out successfully","service":"acquisition-api","timestamp":"2026-02-09T08:35:52.706Z"}
{"level":"info","message":"::1 - - [09/Feb/2026:08:35:52 +0000] \"POST /api/auth/sign-out HTTP/1.1\" 200 29 \"-\" \"PostmanRuntime/7.51.1\"","service":"acquisition-api","timestamp":"2026-02-09T08:35:52.707Z"}
